<?xml version="1.0" encoding="UTF-8"?>
<!-- Generated by org.testng.reporters.JUnitXMLReporter -->
<testsuite ignored="0" hostname="DESKTOP-3RPASB7" failures="1" tests="1" name="Default test(failed)" time="0.052" errors="0" timestamp="2021-12-28T23:22:45 IST">
  <testcase classname="TestPkage.ValidateLogin" name="Validtest" time="0.018">
    <failure type="org.testng.internal.reflect.MethodMatcherException" message="
[public void TestPkage.ValidateLogin.Validtest() throws java.io.IOException] has no parameters defined but was found to be using a data provider (either explicitly specified or inherited from class level annotation).
Data provider mismatch
Method: Validtest([])
Arguments: [(java.lang.String) XMM488,(java.lang.String) Password#123,(java.lang.String) 041093]">
      <![CDATA[org.testng.internal.reflect.MethodMatcherException: 
[public void TestPkage.ValidateLogin.Validtest() throws java.io.IOException] has no parameters defined but was found to be using a data provider (either explicitly specified or inherited from class level annotation).
Data provider mismatch
Method: Validtest([])
Arguments: [(java.lang.String) XMM488,(java.lang.String) Password#123,(java.lang.String) 041093]
at java.base/java.util.ArrayList.forEach(ArrayList.java:1511)
... Removed 22 stack frames]]>
    </failure>
  </testcase> <!-- Validtest -->
</testsuite> <!-- Default test(failed) -->
